(---------------------------------------------------------------------)
(                                                                     )
(    Allegro Netrev Import Logic                                      )
(                                                                     )
(    Drawing          : BAT_MODULE.brd                                )
(    Software Version : 17.4S037                                      )
(    Date/Time        : Thu Dec  7 20:20:59 2023                      )
(                                                                     )
(---------------------------------------------------------------------)


------ Directives ------------

Ripup etch:                  No
Ripup delete first segment:  No
Ripup retain bondwire:       No
Ripup symbols:               Always
Missing symbol has error:    No
DRC update:                  Yes
Schematic directory:         'D:/Projects/Battery_Module/SCH/allegro'
Design Directory:            'D:/Projects/Battery_Module/PCB'
Old design name:             'D:/Projects/Battery_Module/PCB/BAT_MODULE.brd'
New design name:             'D:/Projects/Battery_Module/PCB/BAT_MODULE.brd'

CmdLine: netrev -$ -i D:/Projects/Battery_Module/SCH/allegro -y 1 -h -q netrev_constraint_report.xml D:/Projects/Battery_Module/PCB/#Taaaajx28880.tmp

------ Preparing to read pst files ------

Starting to read D:/Projects/Battery_Module/SCH/allegro/pstchip.dat 
   Finished reading D:/Projects/Battery_Module/SCH/allegro/pstchip.dat (00:00:00.31)
Starting to read D:/Projects/Battery_Module/SCH/allegro/pstxprt.dat 
   Finished reading D:/Projects/Battery_Module/SCH/allegro/pstxprt.dat (00:00:00.00)
Starting to read D:/Projects/Battery_Module/SCH/allegro/pstxnet.dat 
   Finished reading D:/Projects/Battery_Module/SCH/allegro/pstxnet.dat (00:00:00.00)

------ Oversights/Warnings/Errors ------




===========================================================
Start Constraint Diff3 Import
	Constraint File:    D:/Projects/Battery_Module/SCH/allegro/pstcmdb.dat
	Allegro Baseline:   C:/Users/15291/AppData/Local/Temp/#Taaaaah12388.tmp
	Start time: Thu Dec  7 20:20:59 2023
===========================================================


The constraint difference report file can be viewed using the following command:
cdnFlowOOSMsg.exe -file file:///D:/Projects/Battery_Module/PCB/netrev_constraint_report.xml

===========================================================
Finished Constraint Update	Time: Thu Dec  7 20:20:59 2023
===========================================================

------ Library Paths ------
MODULEPATH =  . 
           d:/cadence/spb_17.4/share/local/pcb/modules 

PSMPATH =  D:/Cadence/LIB/DATABASE/PCB/package 
           . 
           symbols 
           .. 
           ../symbols 
           d:/cadence/spb_17.4/share/local/pcb/symbols 
           d:/cadence/spb_17.4/share/pcb/pcb_lib/symbols 
           d:/cadence/spb_17.4/share/pcb/allegrolib/symbols 

PADPATH =  D:/Cadence/LIB/DATABASE/PCB/padstack 
           . 
           symbols 
           .. 
           ../symbols 
           d:/cadence/spb_17.4/share/local/pcb/padstacks 
           d:/cadence/spb_17.4/share/pcb/pcb_lib/symbols 
           d:/cadence/spb_17.4/share/pcb/allegrolib/symbols 


------ Summary Statistics ------


netrev run on Dec 7 20:20:58 2023
   DESIGN NAME : 'BAT_MODULE'
   PACKAGING ON May 19 2023 23:44:21

   COMPILE 'logic'
   CHECK_PIN_NAMES OFF
   CROSS_REFERENCE OFF
   FEEDBACK OFF
   INCREMENTAL OFF
   INTERFACE_TYPE PHYSICAL
   MAX_ERRORS 500
   MERGE_MINIMUM 5
   NET_NAME_CHARS '#%&()*+-./:=>?@[]^_`|'
   NET_NAME_LENGTH 24
   OVERSIGHTS ON
   REPLACE_CHECK OFF
   SINGLE_NODE_NETS ON
   SPLIT_MINIMUM 0
   SUPPRESS   20
   WARNINGS ON

 No error detected
 No oversight detected
 No warning detected

cpu time      0:01:19
elapsed time  0:00:01

